2024-04-10 10:30:06 INFO  StartCalculations:262 - DamageProfiler v0.4.9
2024-04-10 10:30:06 INFO  StartCalculations:274 - Analysis of file (-i):Pool-3-041-AZP-226_S45_rmdup.bam
Output folder (-o):/raven/ptmp/iclight/eager/mapping/zooscreen/Slutetiensis/work/cd/777dbfd2d7afa70ff81c6da77143ec/./Pool-3-041-AZP-226_S45_rmdup
Reference (-r, optional) :genome.fasta
Specie (-s, optional):null
Species list (-sf, optional):null
Length (-l): 100
Threshold (-t): 15
Height yaxis (-yaxis): 0.3
x-axis min ID histogram (-xaxis_histo_min): -1.0
x-axis max ID histogram (-xaxis_histo_max): -1.0
x-axis min length histogram (-xaxis_histo_length_min): -1.0
x-axis max length histogram (-xaxis_histo_length_max): -1.0

2024-04-10 10:30:06 INFO  StartCalculations:115 - 100 Reads processed.
2024-04-10 10:30:06 INFO  StartCalculations:115 - 200 Reads processed.
2024-04-10 10:30:06 INFO  StartCalculations:115 - 300 Reads processed.
2024-04-10 10:30:06 INFO  StartCalculations:115 - 400 Reads processed.
2024-04-10 10:30:06 INFO  StartCalculations:115 - 500 Reads processed.
2024-04-10 10:30:06 INFO  StartCalculations:115 - 600 Reads processed.
2024-04-10 10:30:06 INFO  StartCalculations:115 - 700 Reads processed.
2024-04-10 10:30:06 INFO  StartCalculations:115 - 800 Reads processed.
2024-04-10 10:30:06 INFO  StartCalculations:115 - 900 Reads processed.
2024-04-10 10:30:06 INFO  StartCalculations:115 - 1000 Reads processed.
2024-04-10 10:30:06 INFO  StartCalculations:115 - 1100 Reads processed.
2024-04-10 10:30:06 INFO  StartCalculations:115 - 1200 Reads processed.
2024-04-10 10:30:06 INFO  StartCalculations:115 - 1300 Reads processed.
2024-04-10 10:30:06 INFO  StartCalculations:115 - 1400 Reads processed.
2024-04-10 10:30:06 INFO  StartCalculations:115 - 1500 Reads processed.
2024-04-10 10:30:06 INFO  StartCalculations:115 - 1600 Reads processed.
2024-04-10 10:30:06 INFO  StartCalculations:115 - 1700 Reads processed.
2024-04-10 10:30:06 INFO  StartCalculations:115 - 1800 Reads processed.
2024-04-10 10:30:06 INFO  StartCalculations:115 - 1900 Reads processed.
2024-04-10 10:30:06 INFO  StartCalculations:115 - 2000 Reads processed.
2024-04-10 10:30:06 INFO  StartCalculations:115 - 2100 Reads processed.
2024-04-10 10:30:06 INFO  StartCalculations:115 - 2200 Reads processed.
2024-04-10 10:30:06 INFO  StartCalculations:115 - 2300 Reads processed.
2024-04-10 10:30:06 INFO  StartCalculations:115 - 2400 Reads processed.
2024-04-10 10:30:06 INFO  StartCalculations:115 - 2500 Reads processed.
2024-04-10 10:30:06 INFO  StartCalculations:115 - 2600 Reads processed.
2024-04-10 10:30:06 INFO  StartCalculations:115 - 2700 Reads processed.
2024-04-10 10:30:06 INFO  StartCalculations:115 - 2800 Reads processed.
2024-04-10 10:30:06 INFO  StartCalculations:115 - 2900 Reads processed.
2024-04-10 10:30:06 INFO  StartCalculations:115 - 3000 Reads processed.
2024-04-10 10:30:06 INFO  StartCalculations:115 - 3100 Reads processed.
2024-04-10 10:30:06 INFO  StartCalculations:115 - 3200 Reads processed.
2024-04-10 10:30:06 INFO  StartCalculations:115 - 3300 Reads processed.
2024-04-10 10:30:06 INFO  StartCalculations:115 - 3400 Reads processed.
2024-04-10 10:30:06 INFO  StartCalculations:115 - 3500 Reads processed.
2024-04-10 10:30:06 INFO  StartCalculations:115 - 3600 Reads processed.
2024-04-10 10:30:06 INFO  StartCalculations:115 - 3700 Reads processed.
2024-04-10 10:30:06 INFO  StartCalculations:115 - 3800 Reads processed.
2024-04-10 10:30:06 INFO  StartCalculations:115 - 3900 Reads processed.
2024-04-10 10:30:06 INFO  StartCalculations:115 - 4000 Reads processed.
2024-04-10 10:30:06 INFO  StartCalculations:115 - 4100 Reads processed.
2024-04-10 10:30:06 INFO  StartCalculations:115 - 4200 Reads processed.
2024-04-10 10:30:06 INFO  StartCalculations:115 - 4300 Reads processed.
2024-04-10 10:30:06 INFO  StartCalculations:115 - 4400 Reads processed.
2024-04-10 10:30:06 INFO  StartCalculations:115 - 4500 Reads processed.
2024-04-10 10:30:06 INFO  StartCalculations:115 - 4600 Reads processed.
2024-04-10 10:30:06 INFO  StartCalculations:115 - 4700 Reads processed.
2024-04-10 10:30:06 INFO  StartCalculations:115 - 4800 Reads processed.
2024-04-10 10:30:06 INFO  StartCalculations:115 - 4900 Reads processed.
2024-04-10 10:30:06 INFO  StartCalculations:115 - 5000 Reads processed.
2024-04-10 10:30:06 INFO  StartCalculations:115 - 5100 Reads processed.
2024-04-10 10:30:06 INFO  StartCalculations:115 - 5200 Reads processed.
2024-04-10 10:30:06 INFO  StartCalculations:115 - 5300 Reads processed.
2024-04-10 10:30:06 INFO  StartCalculations:115 - 5400 Reads processed.
2024-04-10 10:30:06 INFO  StartCalculations:115 - 5500 Reads processed.
2024-04-10 10:30:06 INFO  StartCalculations:115 - 5600 Reads processed.
2024-04-10 10:30:06 INFO  StartCalculations:115 - 5700 Reads processed.
2024-04-10 10:30:06 INFO  StartCalculations:115 - 5800 Reads processed.
2024-04-10 10:30:06 INFO  StartCalculations:115 - 5900 Reads processed.
2024-04-10 10:30:06 INFO  StartCalculations:115 - 6000 Reads processed.
2024-04-10 10:30:06 INFO  StartCalculations:115 - 6100 Reads processed.
2024-04-10 10:30:06 INFO  StartCalculations:115 - 6200 Reads processed.
2024-04-10 10:30:06 INFO  StartCalculations:115 - 6300 Reads processed.
2024-04-10 10:30:06 INFO  StartCalculations:115 - 6400 Reads processed.
2024-04-10 10:30:06 INFO  StartCalculations:115 - 6500 Reads processed.
2024-04-10 10:30:06 INFO  StartCalculations:115 - 6600 Reads processed.
2024-04-10 10:30:06 INFO  StartCalculations:115 - 6700 Reads processed.
2024-04-10 10:30:06 INFO  StartCalculations:115 - 6800 Reads processed.
2024-04-10 10:30:06 INFO  StartCalculations:115 - 6900 Reads processed.
2024-04-10 10:30:06 INFO  StartCalculations:115 - 7000 Reads processed.
2024-04-10 10:30:06 INFO  StartCalculations:115 - 7100 Reads processed.
2024-04-10 10:30:06 INFO  StartCalculations:115 - 7200 Reads processed.
2024-04-10 10:30:06 INFO  StartCalculations:115 - 7300 Reads processed.
2024-04-10 10:30:06 INFO  StartCalculations:115 - 7400 Reads processed.
2024-04-10 10:30:06 INFO  StartCalculations:115 - 7500 Reads processed.
2024-04-10 10:30:06 INFO  StartCalculations:115 - 7600 Reads processed.
2024-04-10 10:30:06 INFO  StartCalculations:115 - 7700 Reads processed.
2024-04-10 10:30:06 INFO  StartCalculations:115 - 7800 Reads processed.
2024-04-10 10:30:06 INFO  StartCalculations:115 - 7900 Reads processed.
2024-04-10 10:30:06 INFO  StartCalculations:115 - 8000 Reads processed.
2024-04-10 10:30:06 INFO  StartCalculations:115 - 8100 Reads processed.
2024-04-10 10:30:06 INFO  StartCalculations:115 - 8200 Reads processed.
2024-04-10 10:30:06 INFO  StartCalculations:115 - 8300 Reads processed.
2024-04-10 10:30:06 INFO  StartCalculations:115 - 8400 Reads processed.
2024-04-10 10:30:06 INFO  StartCalculations:115 - 8500 Reads processed.
2024-04-10 10:30:06 INFO  StartCalculations:115 - 8600 Reads processed.
2024-04-10 10:30:06 INFO  StartCalculations:115 - 8700 Reads processed.
2024-04-10 10:30:06 INFO  StartCalculations:115 - 8800 Reads processed.
2024-04-10 10:30:06 INFO  StartCalculations:115 - 8900 Reads processed.
2024-04-10 10:30:06 INFO  StartCalculations:115 - 9000 Reads processed.
2024-04-10 10:30:06 INFO  StartCalculations:115 - 9100 Reads processed.
2024-04-10 10:30:06 INFO  StartCalculations:115 - 9200 Reads processed.
2024-04-10 10:30:06 INFO  StartCalculations:115 - 9300 Reads processed.
2024-04-10 10:30:06 INFO  StartCalculations:115 - 9400 Reads processed.
2024-04-10 10:30:06 INFO  StartCalculations:115 - 9500 Reads processed.
2024-04-10 10:30:06 INFO  StartCalculations:115 - 9600 Reads processed.
2024-04-10 10:30:06 INFO  StartCalculations:115 - 9700 Reads processed.
2024-04-10 10:30:06 INFO  StartCalculations:115 - 9800 Reads processed.
2024-04-10 10:30:06 INFO  StartCalculations:115 - 9900 Reads processed.
2024-04-10 10:30:06 INFO  StartCalculations:115 - 10000 Reads processed.
2024-04-10 10:30:06 INFO  StartCalculations:115 - 10100 Reads processed.
2024-04-10 10:30:06 INFO  StartCalculations:115 - 10200 Reads processed.
2024-04-10 10:30:06 INFO  StartCalculations:115 - 10300 Reads processed.
2024-04-10 10:30:06 INFO  StartCalculations:115 - 10400 Reads processed.
2024-04-10 10:30:06 INFO  StartCalculations:115 - 10500 Reads processed.
2024-04-10 10:30:06 INFO  StartCalculations:115 - 10600 Reads processed.
2024-04-10 10:30:06 INFO  StartCalculations:115 - 10700 Reads processed.
2024-04-10 10:30:06 INFO  StartCalculations:115 - 10800 Reads processed.
2024-04-10 10:30:06 INFO  StartCalculations:115 - 10900 Reads processed.
2024-04-10 10:30:06 INFO  StartCalculations:115 - 11000 Reads processed.
2024-04-10 10:30:06 INFO  StartCalculations:115 - 11100 Reads processed.
2024-04-10 10:30:06 INFO  StartCalculations:115 - 11200 Reads processed.
2024-04-10 10:30:06 INFO  StartCalculations:115 - 11300 Reads processed.
2024-04-10 10:30:06 INFO  StartCalculations:115 - 11400 Reads processed.
2024-04-10 10:30:06 INFO  StartCalculations:115 - 11500 Reads processed.
2024-04-10 10:30:06 INFO  StartCalculations:115 - 11600 Reads processed.
2024-04-10 10:30:06 INFO  StartCalculations:115 - 11700 Reads processed.
2024-04-10 10:30:06 INFO  StartCalculations:115 - 11800 Reads processed.
2024-04-10 10:30:06 INFO  StartCalculations:115 - 11900 Reads processed.
2024-04-10 10:30:06 INFO  StartCalculations:115 - 12000 Reads processed.
2024-04-10 10:30:06 INFO  StartCalculations:115 - 12100 Reads processed.
2024-04-10 10:30:06 INFO  StartCalculations:115 - 12200 Reads processed.
2024-04-10 10:30:06 INFO  StartCalculations:115 - 12300 Reads processed.
2024-04-10 10:30:06 INFO  StartCalculations:115 - 12400 Reads processed.
2024-04-10 10:30:06 INFO  StartCalculations:115 - 12500 Reads processed.
2024-04-10 10:30:06 INFO  StartCalculations:115 - 12600 Reads processed.
2024-04-10 10:30:06 INFO  StartCalculations:115 - 12700 Reads processed.
2024-04-10 10:30:06 INFO  StartCalculations:115 - 12800 Reads processed.
2024-04-10 10:30:06 INFO  StartCalculations:115 - 12900 Reads processed.
2024-04-10 10:30:06 INFO  StartCalculations:115 - 13000 Reads processed.
2024-04-10 10:30:06 INFO  StartCalculations:115 - 13100 Reads processed.
2024-04-10 10:30:06 INFO  StartCalculations:115 - 13200 Reads processed.
2024-04-10 10:30:06 INFO  StartCalculations:115 - 13300 Reads processed.
2024-04-10 10:30:06 INFO  StartCalculations:115 - 13400 Reads processed.
2024-04-10 10:30:06 INFO  StartCalculations:115 - 13500 Reads processed.
2024-04-10 10:30:06 INFO  StartCalculations:115 - 13600 Reads processed.
2024-04-10 10:30:06 INFO  StartCalculations:115 - 13700 Reads processed.
2024-04-10 10:30:06 INFO  StartCalculations:115 - 13800 Reads processed.
2024-04-10 10:30:06 INFO  StartCalculations:115 - 13900 Reads processed.
2024-04-10 10:30:06 INFO  StartCalculations:115 - 14000 Reads processed.
2024-04-10 10:30:06 INFO  StartCalculations:115 - 14100 Reads processed.
2024-04-10 10:30:06 INFO  StartCalculations:115 - 14200 Reads processed.
2024-04-10 10:30:06 INFO  StartCalculations:115 - 14300 Reads processed.
2024-04-10 10:30:06 INFO  StartCalculations:115 - 14400 Reads processed.
2024-04-10 10:30:06 INFO  StartCalculations:115 - 14500 Reads processed.
2024-04-10 10:30:06 INFO  StartCalculations:115 - 14600 Reads processed.
2024-04-10 10:30:06 INFO  StartCalculations:115 - 14700 Reads processed.
2024-04-10 10:30:06 INFO  StartCalculations:115 - 14800 Reads processed.
2024-04-10 10:30:06 INFO  StartCalculations:115 - 14900 Reads processed.
2024-04-10 10:30:06 INFO  StartCalculations:115 - 15000 Reads processed.
2024-04-10 10:30:06 INFO  StartCalculations:115 - 15100 Reads processed.
2024-04-10 10:30:06 INFO  StartCalculations:115 - 15200 Reads processed.
2024-04-10 10:30:06 INFO  StartCalculations:115 - 15300 Reads processed.
2024-04-10 10:30:06 INFO  StartCalculations:115 - 15400 Reads processed.
2024-04-10 10:30:06 INFO  StartCalculations:115 - 15500 Reads processed.
2024-04-10 10:30:06 INFO  StartCalculations:115 - 15600 Reads processed.
2024-04-10 10:30:06 INFO  StartCalculations:115 - 15700 Reads processed.
2024-04-10 10:30:06 INFO  StartCalculations:115 - 15800 Reads processed.
2024-04-10 10:30:06 INFO  StartCalculations:115 - 15900 Reads processed.
2024-04-10 10:30:06 INFO  StartCalculations:115 - 16000 Reads processed.
2024-04-10 10:30:06 INFO  StartCalculations:115 - 16100 Reads processed.
2024-04-10 10:30:06 INFO  StartCalculations:115 - 16200 Reads processed.
2024-04-10 10:30:06 INFO  StartCalculations:115 - 16300 Reads processed.
2024-04-10 10:30:06 INFO  StartCalculations:115 - 16400 Reads processed.
2024-04-10 10:30:06 INFO  StartCalculations:115 - 16500 Reads processed.
2024-04-10 10:30:06 INFO  StartCalculations:115 - 16600 Reads processed.
2024-04-10 10:30:06 INFO  StartCalculations:115 - 16700 Reads processed.
2024-04-10 10:30:06 INFO  StartCalculations:115 - 16800 Reads processed.
2024-04-10 10:30:06 INFO  StartCalculations:115 - 16900 Reads processed.
2024-04-10 10:30:06 INFO  StartCalculations:115 - 17000 Reads processed.
2024-04-10 10:30:06 INFO  StartCalculations:115 - 17100 Reads processed.
2024-04-10 10:30:07 INFO  StartCalculations:115 - 17200 Reads processed.
2024-04-10 10:30:07 INFO  StartCalculations:115 - 17300 Reads processed.
2024-04-10 10:30:07 INFO  StartCalculations:115 - 17400 Reads processed.
2024-04-10 10:30:07 INFO  StartCalculations:115 - 17500 Reads processed.
2024-04-10 10:30:07 INFO  StartCalculations:115 - 17600 Reads processed.
2024-04-10 10:30:07 INFO  StartCalculations:115 - 17700 Reads processed.
2024-04-10 10:30:07 INFO  StartCalculations:115 - 17800 Reads processed.
2024-04-10 10:30:07 INFO  StartCalculations:115 - 17900 Reads processed.
2024-04-10 10:30:07 INFO  StartCalculations:115 - 18000 Reads processed.
2024-04-10 10:30:07 INFO  StartCalculations:115 - 18100 Reads processed.
2024-04-10 10:30:07 INFO  StartCalculations:115 - 18200 Reads processed.
2024-04-10 10:30:07 INFO  StartCalculations:115 - 18300 Reads processed.
2024-04-10 10:30:07 INFO  StartCalculations:115 - 18400 Reads processed.
2024-04-10 10:30:07 INFO  StartCalculations:115 - 18500 Reads processed.
2024-04-10 10:30:07 INFO  StartCalculations:115 - 18600 Reads processed.
2024-04-10 10:30:07 INFO  StartCalculations:115 - 18700 Reads processed.
2024-04-10 10:30:07 INFO  StartCalculations:115 - 18800 Reads processed.
2024-04-10 10:30:07 INFO  StartCalculations:115 - 18900 Reads processed.
2024-04-10 10:30:07 INFO  StartCalculations:115 - 19000 Reads processed.
2024-04-10 10:30:07 INFO  StartCalculations:115 - 19100 Reads processed.
2024-04-10 10:30:07 INFO  StartCalculations:115 - 19200 Reads processed.
2024-04-10 10:30:07 INFO  StartCalculations:115 - 19300 Reads processed.
2024-04-10 10:30:07 INFO  StartCalculations:115 - 19400 Reads processed.
2024-04-10 10:30:07 INFO  StartCalculations:115 - 19500 Reads processed.
2024-04-10 10:30:07 INFO  StartCalculations:115 - 19600 Reads processed.
2024-04-10 10:30:07 INFO  StartCalculations:115 - 19700 Reads processed.
2024-04-10 10:30:07 INFO  StartCalculations:115 - 19800 Reads processed.
2024-04-10 10:30:07 INFO  StartCalculations:115 - 19900 Reads processed.
2024-04-10 10:30:07 INFO  StartCalculations:115 - 20000 Reads processed.
2024-04-10 10:30:07 INFO  StartCalculations:115 - 20100 Reads processed.
2024-04-10 10:30:07 INFO  StartCalculations:115 - 20200 Reads processed.
2024-04-10 10:30:07 INFO  StartCalculations:115 - 20300 Reads processed.
2024-04-10 10:30:07 INFO  StartCalculations:115 - 20400 Reads processed.
2024-04-10 10:30:07 INFO  StartCalculations:115 - 20500 Reads processed.
2024-04-10 10:30:07 INFO  StartCalculations:115 - 20600 Reads processed.
2024-04-10 10:30:07 INFO  StartCalculations:115 - 20700 Reads processed.
2024-04-10 10:30:07 INFO  StartCalculations:115 - 20800 Reads processed.
2024-04-10 10:30:07 INFO  StartCalculations:115 - 20900 Reads processed.
2024-04-10 10:30:07 INFO  StartCalculations:115 - 21000 Reads processed.
2024-04-10 10:30:07 INFO  StartCalculations:115 - 21100 Reads processed.
2024-04-10 10:30:07 INFO  StartCalculations:115 - 21200 Reads processed.
2024-04-10 10:30:07 INFO  StartCalculations:115 - 21300 Reads processed.
2024-04-10 10:30:07 INFO  StartCalculations:115 - 21400 Reads processed.
2024-04-10 10:30:07 INFO  StartCalculations:115 - 21500 Reads processed.
2024-04-10 10:30:07 INFO  StartCalculations:115 - 21600 Reads processed.
2024-04-10 10:30:07 INFO  StartCalculations:115 - 21700 Reads processed.
2024-04-10 10:30:07 INFO  StartCalculations:115 - 21800 Reads processed.
2024-04-10 10:30:07 INFO  StartCalculations:115 - 21900 Reads processed.
2024-04-10 10:30:07 INFO  StartCalculations:115 - 22000 Reads processed.
2024-04-10 10:30:07 INFO  StartCalculations:115 - 22100 Reads processed.
2024-04-10 10:30:07 INFO  StartCalculations:115 - 22200 Reads processed.
2024-04-10 10:30:07 INFO  StartCalculations:115 - 22300 Reads processed.
2024-04-10 10:30:07 INFO  StartCalculations:115 - 22400 Reads processed.
2024-04-10 10:30:07 INFO  StartCalculations:115 - 22500 Reads processed.
2024-04-10 10:30:07 INFO  StartCalculations:115 - 22600 Reads processed.
2024-04-10 10:30:07 INFO  StartCalculations:115 - 22700 Reads processed.
2024-04-10 10:30:07 INFO  StartCalculations:115 - 22800 Reads processed.
2024-04-10 10:30:07 INFO  StartCalculations:115 - 22900 Reads processed.
2024-04-10 10:30:07 INFO  StartCalculations:115 - 23000 Reads processed.
2024-04-10 10:30:07 INFO  StartCalculations:115 - 23100 Reads processed.
2024-04-10 10:30:07 INFO  StartCalculations:115 - 23200 Reads processed.
2024-04-10 10:30:07 INFO  StartCalculations:115 - 23300 Reads processed.
2024-04-10 10:30:07 INFO  StartCalculations:115 - 23400 Reads processed.
2024-04-10 10:30:07 INFO  StartCalculations:115 - 23500 Reads processed.
2024-04-10 10:30:07 INFO  StartCalculations:115 - 23600 Reads processed.
2024-04-10 10:30:07 INFO  StartCalculations:115 - 23700 Reads processed.
2024-04-10 10:30:07 INFO  StartCalculations:115 - 23800 Reads processed.
2024-04-10 10:30:07 INFO  StartCalculations:115 - 23900 Reads processed.
2024-04-10 10:30:07 INFO  StartCalculations:115 - 24000 Reads processed.
2024-04-10 10:30:07 INFO  StartCalculations:115 - 24100 Reads processed.
2024-04-10 10:30:07 INFO  StartCalculations:115 - 24200 Reads processed.
2024-04-10 10:30:07 INFO  StartCalculations:115 - 24300 Reads processed.
2024-04-10 10:30:07 INFO  StartCalculations:115 - 24400 Reads processed.
2024-04-10 10:30:07 INFO  StartCalculations:115 - 24500 Reads processed.
2024-04-10 10:30:07 INFO  StartCalculations:115 - 24600 Reads processed.
2024-04-10 10:30:07 INFO  StartCalculations:115 - 24700 Reads processed.
2024-04-10 10:30:07 INFO  StartCalculations:115 - 24800 Reads processed.
2024-04-10 10:30:07 INFO  StartCalculations:115 - 24900 Reads processed.
2024-04-10 10:30:07 INFO  StartCalculations:115 - 25000 Reads processed.
2024-04-10 10:30:07 INFO  StartCalculations:115 - 25100 Reads processed.
2024-04-10 10:30:07 INFO  StartCalculations:115 - 25200 Reads processed.
2024-04-10 10:30:07 INFO  StartCalculations:115 - 25300 Reads processed.
2024-04-10 10:30:07 INFO  StartCalculations:115 - 25400 Reads processed.
2024-04-10 10:30:07 INFO  StartCalculations:115 - 25500 Reads processed.
2024-04-10 10:30:07 INFO  StartCalculations:115 - 25600 Reads processed.
2024-04-10 10:30:07 INFO  StartCalculations:115 - 25700 Reads processed.
2024-04-10 10:30:07 INFO  StartCalculations:115 - 25800 Reads processed.
2024-04-10 10:30:07 INFO  StartCalculations:115 - 25900 Reads processed.
2024-04-10 10:30:07 INFO  StartCalculations:115 - 26000 Reads processed.
2024-04-10 10:30:07 INFO  StartCalculations:115 - 26100 Reads processed.
2024-04-10 10:30:07 INFO  StartCalculations:115 - 26200 Reads processed.
2024-04-10 10:30:07 INFO  StartCalculations:115 - 26300 Reads processed.
2024-04-10 10:30:07 INFO  StartCalculations:115 - 26400 Reads processed.
2024-04-10 10:30:07 INFO  StartCalculations:115 - 26500 Reads processed.
2024-04-10 10:30:07 INFO  StartCalculations:115 - 26600 Reads processed.
2024-04-10 10:30:07 INFO  StartCalculations:115 - 26700 Reads processed.
2024-04-10 10:30:07 INFO  StartCalculations:115 - 26800 Reads processed.
2024-04-10 10:30:07 INFO  StartCalculations:115 - 26900 Reads processed.
2024-04-10 10:30:07 INFO  StartCalculations:115 - 27000 Reads processed.
2024-04-10 10:30:07 INFO  StartCalculations:115 - 27100 Reads processed.
2024-04-10 10:30:07 INFO  StartCalculations:115 - 27200 Reads processed.
2024-04-10 10:30:07 INFO  StartCalculations:115 - 27300 Reads processed.
2024-04-10 10:30:07 INFO  StartCalculations:115 - 27400 Reads processed.
2024-04-10 10:30:07 INFO  StartCalculations:115 - 27500 Reads processed.
2024-04-10 10:30:07 INFO  StartCalculations:115 - 27600 Reads processed.
2024-04-10 10:30:07 INFO  StartCalculations:115 - 27700 Reads processed.
2024-04-10 10:30:07 INFO  StartCalculations:115 - 27800 Reads processed.
2024-04-10 10:30:07 INFO  StartCalculations:115 - 27900 Reads processed.
2024-04-10 10:30:07 INFO  StartCalculations:115 - 28000 Reads processed.
2024-04-10 10:30:07 INFO  StartCalculations:115 - 28100 Reads processed.
2024-04-10 10:30:07 INFO  StartCalculations:115 - 28200 Reads processed.
2024-04-10 10:30:07 INFO  StartCalculations:115 - 28300 Reads processed.
2024-04-10 10:30:07 INFO  StartCalculations:115 - 28400 Reads processed.
2024-04-10 10:30:07 INFO  StartCalculations:115 - 28500 Reads processed.
2024-04-10 10:30:07 INFO  StartCalculations:115 - 28600 Reads processed.
2024-04-10 10:30:07 INFO  StartCalculations:115 - 28700 Reads processed.
2024-04-10 10:30:07 INFO  StartCalculations:115 - 28800 Reads processed.
2024-04-10 10:30:07 INFO  StartCalculations:115 - 28900 Reads processed.
2024-04-10 10:30:07 INFO  StartCalculations:115 - 29000 Reads processed.
2024-04-10 10:30:07 INFO  StartCalculations:115 - 29100 Reads processed.
2024-04-10 10:30:07 INFO  StartCalculations:115 - 29200 Reads processed.
2024-04-10 10:30:07 INFO  StartCalculations:115 - 29300 Reads processed.
2024-04-10 10:30:07 INFO  StartCalculations:115 - 29400 Reads processed.
2024-04-10 10:30:07 INFO  StartCalculations:115 - 29500 Reads processed.
2024-04-10 10:30:07 INFO  StartCalculations:115 - 29600 Reads processed.
2024-04-10 10:30:07 INFO  StartCalculations:115 - 29700 Reads processed.
2024-04-10 10:30:07 INFO  StartCalculations:115 - 29800 Reads processed.
2024-04-10 10:30:07 INFO  StartCalculations:115 - 29900 Reads processed.
2024-04-10 10:30:07 INFO  StartCalculations:115 - 30000 Reads processed.
2024-04-10 10:30:07 INFO  StartCalculations:115 - 30100 Reads processed.
2024-04-10 10:30:07 INFO  StartCalculations:115 - 30200 Reads processed.
2024-04-10 10:30:07 INFO  StartCalculations:115 - 30300 Reads processed.
2024-04-10 10:30:07 INFO  StartCalculations:115 - 30400 Reads processed.
2024-04-10 10:30:07 INFO  StartCalculations:115 - 30500 Reads processed.
2024-04-10 10:30:07 INFO  StartCalculations:115 - 30600 Reads processed.
2024-04-10 10:30:07 INFO  StartCalculations:115 - 30700 Reads processed.
2024-04-10 10:30:07 INFO  StartCalculations:115 - 30800 Reads processed.
2024-04-10 10:30:07 INFO  StartCalculations:115 - 30900 Reads processed.
2024-04-10 10:30:07 INFO  StartCalculations:115 - 31000 Reads processed.
2024-04-10 10:30:07 INFO  StartCalculations:115 - 31100 Reads processed.
2024-04-10 10:30:07 INFO  StartCalculations:115 - 31200 Reads processed.
2024-04-10 10:30:07 INFO  StartCalculations:115 - 31300 Reads processed.
2024-04-10 10:30:07 INFO  StartCalculations:115 - 31400 Reads processed.
2024-04-10 10:30:07 INFO  StartCalculations:115 - 31500 Reads processed.
2024-04-10 10:30:07 INFO  StartCalculations:115 - 31600 Reads processed.
2024-04-10 10:30:07 INFO  StartCalculations:115 - 31700 Reads processed.
2024-04-10 10:30:07 INFO  StartCalculations:115 - 31800 Reads processed.
2024-04-10 10:30:07 INFO  StartCalculations:115 - 31900 Reads processed.
2024-04-10 10:30:07 INFO  StartCalculations:115 - 32000 Reads processed.
2024-04-10 10:30:07 INFO  StartCalculations:115 - 32100 Reads processed.
2024-04-10 10:30:07 INFO  StartCalculations:115 - 32200 Reads processed.
2024-04-10 10:30:07 INFO  StartCalculations:115 - 32300 Reads processed.
2024-04-10 10:30:07 INFO  StartCalculations:115 - 32400 Reads processed.
2024-04-10 10:30:07 INFO  StartCalculations:115 - 32500 Reads processed.
2024-04-10 10:30:07 INFO  StartCalculations:115 - 32600 Reads processed.
2024-04-10 10:30:07 INFO  StartCalculations:115 - 32700 Reads processed.
2024-04-10 10:30:07 INFO  StartCalculations:115 - 32800 Reads processed.
2024-04-10 10:30:07 INFO  StartCalculations:115 - 32900 Reads processed.
2024-04-10 10:30:07 INFO  StartCalculations:115 - 33000 Reads processed.
2024-04-10 10:30:07 INFO  StartCalculations:115 - 33100 Reads processed.
2024-04-10 10:30:07 INFO  StartCalculations:115 - 33200 Reads processed.
2024-04-10 10:30:07 INFO  StartCalculations:115 - 33300 Reads processed.
2024-04-10 10:30:07 INFO  StartCalculations:115 - 33400 Reads processed.
2024-04-10 10:30:07 INFO  StartCalculations:115 - 33500 Reads processed.
2024-04-10 10:30:07 INFO  StartCalculations:115 - 33600 Reads processed.
2024-04-10 10:30:07 INFO  StartCalculations:115 - 33700 Reads processed.
2024-04-10 10:30:07 INFO  StartCalculations:115 - 33800 Reads processed.
2024-04-10 10:30:07 INFO  StartCalculations:115 - 33900 Reads processed.
2024-04-10 10:30:07 INFO  StartCalculations:115 - 34000 Reads processed.
2024-04-10 10:30:07 INFO  StartCalculations:115 - 34100 Reads processed.
2024-04-10 10:30:07 INFO  StartCalculations:115 - 34200 Reads processed.
2024-04-10 10:30:07 INFO  StartCalculations:115 - 34300 Reads processed.
2024-04-10 10:30:07 INFO  StartCalculations:115 - 34400 Reads processed.
2024-04-10 10:30:07 INFO  StartCalculations:115 - 34500 Reads processed.
2024-04-10 10:30:07 INFO  StartCalculations:115 - 34600 Reads processed.
2024-04-10 10:30:07 INFO  StartCalculations:115 - 34700 Reads processed.
2024-04-10 10:30:07 INFO  StartCalculations:115 - 34800 Reads processed.
2024-04-10 10:30:07 INFO  StartCalculations:115 - 34900 Reads processed.
2024-04-10 10:30:07 INFO  StartCalculations:115 - 35000 Reads processed.
2024-04-10 10:30:07 INFO  StartCalculations:115 - 35100 Reads processed.
2024-04-10 10:30:07 INFO  StartCalculations:115 - 35200 Reads processed.
2024-04-10 10:30:07 INFO  StartCalculations:115 - 35300 Reads processed.
2024-04-10 10:30:07 INFO  StartCalculations:115 - 35400 Reads processed.
2024-04-10 10:30:07 INFO  StartCalculations:115 - 35500 Reads processed.
2024-04-10 10:30:07 INFO  StartCalculations:115 - 35600 Reads processed.
2024-04-10 10:30:07 INFO  StartCalculations:115 - 35700 Reads processed.
2024-04-10 10:30:07 INFO  StartCalculations:115 - 35800 Reads processed.
2024-04-10 10:30:07 INFO  StartCalculations:115 - 35900 Reads processed.
2024-04-10 10:30:07 INFO  StartCalculations:115 - 36000 Reads processed.
2024-04-10 10:30:07 INFO  StartCalculations:115 - 36100 Reads processed.
2024-04-10 10:30:07 INFO  StartCalculations:115 - 36200 Reads processed.
2024-04-10 10:30:07 INFO  StartCalculations:115 - 36300 Reads processed.
2024-04-10 10:30:07 INFO  StartCalculations:115 - 36400 Reads processed.
2024-04-10 10:30:07 INFO  StartCalculations:115 - 36500 Reads processed.
2024-04-10 10:30:07 INFO  StartCalculations:115 - 36600 Reads processed.
2024-04-10 10:30:07 INFO  StartCalculations:115 - 36700 Reads processed.
2024-04-10 10:30:07 INFO  StartCalculations:115 - 36800 Reads processed.
2024-04-10 10:30:07 INFO  StartCalculations:115 - 36900 Reads processed.
2024-04-10 10:30:07 INFO  StartCalculations:115 - 37000 Reads processed.
2024-04-10 10:30:07 INFO  StartCalculations:115 - 37100 Reads processed.
2024-04-10 10:30:07 INFO  StartCalculations:115 - 37200 Reads processed.
2024-04-10 10:30:07 INFO  StartCalculations:115 - 37300 Reads processed.
2024-04-10 10:30:07 INFO  StartCalculations:115 - 37400 Reads processed.
2024-04-10 10:30:07 INFO  StartCalculations:115 - 37500 Reads processed.
2024-04-10 10:30:07 INFO  StartCalculations:115 - 37600 Reads processed.
2024-04-10 10:30:07 INFO  StartCalculations:115 - 37700 Reads processed.
2024-04-10 10:30:07 INFO  StartCalculations:115 - 37800 Reads processed.
2024-04-10 10:30:07 INFO  StartCalculations:115 - 37900 Reads processed.
2024-04-10 10:30:07 INFO  StartCalculations:115 - 38000 Reads processed.
2024-04-10 10:30:07 INFO  StartCalculations:115 - 38100 Reads processed.
2024-04-10 10:30:07 INFO  StartCalculations:115 - 38200 Reads processed.
2024-04-10 10:30:07 INFO  StartCalculations:115 - 38300 Reads processed.
2024-04-10 10:30:07 INFO  StartCalculations:115 - 38400 Reads processed.
2024-04-10 10:30:07 INFO  StartCalculations:115 - 38500 Reads processed.
2024-04-10 10:30:07 INFO  StartCalculations:115 - 38600 Reads processed.
2024-04-10 10:30:07 INFO  StartCalculations:115 - 38700 Reads processed.
2024-04-10 10:30:07 INFO  StartCalculations:115 - 38800 Reads processed.
2024-04-10 10:30:07 INFO  StartCalculations:115 - 38900 Reads processed.
2024-04-10 10:30:07 INFO  StartCalculations:115 - 39000 Reads processed.
2024-04-10 10:30:07 INFO  StartCalculations:115 - 39100 Reads processed.
2024-04-10 10:30:07 INFO  StartCalculations:115 - 39200 Reads processed.
2024-04-10 10:30:07 INFO  StartCalculations:115 - 39300 Reads processed.
2024-04-10 10:30:07 INFO  StartCalculations:115 - 39400 Reads processed.
2024-04-10 10:30:07 INFO  StartCalculations:115 - 39500 Reads processed.
2024-04-10 10:30:07 INFO  StartCalculations:115 - 39600 Reads processed.
2024-04-10 10:30:07 INFO  StartCalculations:115 - 39700 Reads processed.
2024-04-10 10:30:07 INFO  StartCalculations:115 - 39800 Reads processed.
2024-04-10 10:30:07 INFO  StartCalculations:115 - 39900 Reads processed.
2024-04-10 10:30:07 INFO  StartCalculations:115 - 40000 Reads processed.
2024-04-10 10:30:07 INFO  StartCalculations:115 - 40100 Reads processed.
2024-04-10 10:30:07 INFO  StartCalculations:115 - 40200 Reads processed.
2024-04-10 10:30:07 INFO  StartCalculations:115 - 40300 Reads processed.
2024-04-10 10:30:07 INFO  StartCalculations:115 - 40400 Reads processed.
2024-04-10 10:30:07 INFO  StartCalculations:115 - 40500 Reads processed.
2024-04-10 10:30:07 INFO  StartCalculations:115 - 40600 Reads processed.
2024-04-10 10:30:07 INFO  StartCalculations:115 - 40700 Reads processed.
2024-04-10 10:30:07 INFO  StartCalculations:115 - 40800 Reads processed.
2024-04-10 10:30:07 INFO  StartCalculations:115 - 40900 Reads processed.
2024-04-10 10:30:07 INFO  StartCalculations:115 - 41000 Reads processed.
2024-04-10 10:30:07 INFO  StartCalculations:115 - 41100 Reads processed.
2024-04-10 10:30:07 INFO  StartCalculations:115 - 41200 Reads processed.
2024-04-10 10:30:07 INFO  StartCalculations:115 - 41300 Reads processed.
2024-04-10 10:30:07 INFO  StartCalculations:115 - 41400 Reads processed.
2024-04-10 10:30:07 INFO  StartCalculations:115 - 41500 Reads processed.
2024-04-10 10:30:07 INFO  StartCalculations:115 - 41600 Reads processed.
2024-04-10 10:30:07 INFO  StartCalculations:115 - 41700 Reads processed.
2024-04-10 10:30:07 INFO  StartCalculations:115 - 41800 Reads processed.
2024-04-10 10:30:07 INFO  StartCalculations:115 - 41900 Reads processed.
2024-04-10 10:30:07 INFO  StartCalculations:115 - 42000 Reads processed.
2024-04-10 10:30:07 INFO  StartCalculations:115 - 42100 Reads processed.
2024-04-10 10:30:07 INFO  StartCalculations:115 - 42200 Reads processed.
2024-04-10 10:30:07 INFO  StartCalculations:115 - 42300 Reads processed.
2024-04-10 10:30:07 INFO  StartCalculations:115 - 42400 Reads processed.
2024-04-10 10:30:07 INFO  StartCalculations:115 - 42500 Reads processed.
2024-04-10 10:30:07 INFO  StartCalculations:115 - 42600 Reads processed.
2024-04-10 10:30:07 INFO  StartCalculations:115 - 42700 Reads processed.
2024-04-10 10:30:07 INFO  StartCalculations:115 - 42800 Reads processed.
2024-04-10 10:30:07 INFO  StartCalculations:115 - 42900 Reads processed.
2024-04-10 10:30:07 INFO  StartCalculations:115 - 43000 Reads processed.
2024-04-10 10:30:07 INFO  StartCalculations:115 - 43100 Reads processed.
2024-04-10 10:30:07 INFO  StartCalculations:115 - 43200 Reads processed.
2024-04-10 10:30:07 INFO  StartCalculations:115 - 43300 Reads processed.
2024-04-10 10:30:07 INFO  StartCalculations:115 - 43400 Reads processed.
2024-04-10 10:30:07 INFO  StartCalculations:115 - 43500 Reads processed.
2024-04-10 10:30:07 INFO  StartCalculations:115 - 43600 Reads processed.
2024-04-10 10:30:07 INFO  StartCalculations:115 - 43700 Reads processed.
2024-04-10 10:30:07 INFO  StartCalculations:115 - 43800 Reads processed.
2024-04-10 10:30:07 INFO  StartCalculations:115 - 43900 Reads processed.
2024-04-10 10:30:07 INFO  StartCalculations:115 - 44000 Reads processed.
2024-04-10 10:30:07 INFO  StartCalculations:115 - 44100 Reads processed.
2024-04-10 10:30:07 INFO  StartCalculations:115 - 44200 Reads processed.
2024-04-10 10:30:07 INFO  StartCalculations:115 - 44300 Reads processed.
2024-04-10 10:30:07 INFO  StartCalculations:952 - Values normalized ....
2024-04-10 10:30:07 INFO  StartCalculations:133 - -------------------
2024-04-10 10:30:07 INFO  StartCalculations:134 - # reads used for damage calculation: 44374
2024-04-10 10:30:09 INFO  StartCalculations:376 - Output files generated
2024-04-10 10:30:09 INFO  StartCalculations:316 - Runtime of Module was: 3 seconds.
