2024-04-10 10:29:51 INFO  StartCalculations:262 - DamageProfiler v0.4.9
2024-04-10 10:29:51 INFO  StartCalculations:274 - Analysis of file (-i):Pool-3-038-AZP-223_S42_rmdup.bam
Output folder (-o):/raven/ptmp/iclight/eager/mapping/zooscreen/Slutetiensis/work/4f/b025be9a13406f09810fdaf18bd921/./Pool-3-038-AZP-223_S42_rmdup
Reference (-r, optional) :genome.fasta
Specie (-s, optional):null
Species list (-sf, optional):null
Length (-l): 100
Threshold (-t): 15
Height yaxis (-yaxis): 0.3
x-axis min ID histogram (-xaxis_histo_min): -1.0
x-axis max ID histogram (-xaxis_histo_max): -1.0
x-axis min length histogram (-xaxis_histo_length_min): -1.0
x-axis max length histogram (-xaxis_histo_length_max): -1.0

2024-04-10 10:29:51 INFO  StartCalculations:115 - 100 Reads processed.
2024-04-10 10:29:51 INFO  StartCalculations:115 - 200 Reads processed.
2024-04-10 10:29:51 INFO  StartCalculations:115 - 300 Reads processed.
2024-04-10 10:29:51 INFO  StartCalculations:115 - 400 Reads processed.
2024-04-10 10:29:51 INFO  StartCalculations:115 - 500 Reads processed.
2024-04-10 10:29:51 INFO  StartCalculations:115 - 600 Reads processed.
2024-04-10 10:29:51 INFO  StartCalculations:115 - 700 Reads processed.
2024-04-10 10:29:51 INFO  StartCalculations:115 - 800 Reads processed.
2024-04-10 10:29:51 INFO  StartCalculations:115 - 900 Reads processed.
2024-04-10 10:29:51 INFO  StartCalculations:115 - 1000 Reads processed.
2024-04-10 10:29:51 INFO  StartCalculations:115 - 1100 Reads processed.
2024-04-10 10:29:51 INFO  StartCalculations:115 - 1200 Reads processed.
2024-04-10 10:29:51 INFO  StartCalculations:115 - 1300 Reads processed.
2024-04-10 10:29:51 INFO  StartCalculations:115 - 1400 Reads processed.
2024-04-10 10:29:51 INFO  StartCalculations:115 - 1500 Reads processed.
2024-04-10 10:29:51 INFO  StartCalculations:115 - 1600 Reads processed.
2024-04-10 10:29:51 INFO  StartCalculations:115 - 1700 Reads processed.
2024-04-10 10:29:51 INFO  StartCalculations:115 - 1800 Reads processed.
2024-04-10 10:29:51 INFO  StartCalculations:115 - 1900 Reads processed.
2024-04-10 10:29:51 INFO  StartCalculations:115 - 2000 Reads processed.
2024-04-10 10:29:51 INFO  StartCalculations:115 - 2100 Reads processed.
2024-04-10 10:29:51 INFO  StartCalculations:115 - 2200 Reads processed.
2024-04-10 10:29:51 INFO  StartCalculations:115 - 2300 Reads processed.
2024-04-10 10:29:51 INFO  StartCalculations:115 - 2400 Reads processed.
2024-04-10 10:29:51 INFO  StartCalculations:115 - 2500 Reads processed.
2024-04-10 10:29:51 INFO  StartCalculations:115 - 2600 Reads processed.
2024-04-10 10:29:51 INFO  StartCalculations:115 - 2700 Reads processed.
2024-04-10 10:29:51 INFO  StartCalculations:115 - 2800 Reads processed.
2024-04-10 10:29:51 INFO  StartCalculations:115 - 2900 Reads processed.
2024-04-10 10:29:51 INFO  StartCalculations:115 - 3000 Reads processed.
2024-04-10 10:29:51 INFO  StartCalculations:115 - 3100 Reads processed.
2024-04-10 10:29:51 INFO  StartCalculations:115 - 3200 Reads processed.
2024-04-10 10:29:51 INFO  StartCalculations:115 - 3300 Reads processed.
2024-04-10 10:29:51 INFO  StartCalculations:115 - 3400 Reads processed.
2024-04-10 10:29:51 INFO  StartCalculations:115 - 3500 Reads processed.
2024-04-10 10:29:51 INFO  StartCalculations:115 - 3600 Reads processed.
2024-04-10 10:29:51 INFO  StartCalculations:115 - 3700 Reads processed.
2024-04-10 10:29:51 INFO  StartCalculations:115 - 3800 Reads processed.
2024-04-10 10:29:51 INFO  StartCalculations:115 - 3900 Reads processed.
2024-04-10 10:29:51 INFO  StartCalculations:115 - 4000 Reads processed.
2024-04-10 10:29:51 INFO  StartCalculations:115 - 4100 Reads processed.
2024-04-10 10:29:51 INFO  StartCalculations:115 - 4200 Reads processed.
2024-04-10 10:29:51 INFO  StartCalculations:115 - 4300 Reads processed.
2024-04-10 10:29:51 INFO  StartCalculations:115 - 4400 Reads processed.
2024-04-10 10:29:51 INFO  StartCalculations:115 - 4500 Reads processed.
2024-04-10 10:29:51 INFO  StartCalculations:115 - 4600 Reads processed.
2024-04-10 10:29:51 INFO  StartCalculations:115 - 4700 Reads processed.
2024-04-10 10:29:51 INFO  StartCalculations:115 - 4800 Reads processed.
2024-04-10 10:29:51 INFO  StartCalculations:115 - 4900 Reads processed.
2024-04-10 10:29:51 INFO  StartCalculations:115 - 5000 Reads processed.
2024-04-10 10:29:51 INFO  StartCalculations:115 - 5100 Reads processed.
2024-04-10 10:29:51 INFO  StartCalculations:115 - 5200 Reads processed.
2024-04-10 10:29:51 INFO  StartCalculations:115 - 5300 Reads processed.
2024-04-10 10:29:51 INFO  StartCalculations:115 - 5400 Reads processed.
2024-04-10 10:29:51 INFO  StartCalculations:115 - 5500 Reads processed.
2024-04-10 10:29:51 INFO  StartCalculations:952 - Values normalized ....
2024-04-10 10:29:51 INFO  StartCalculations:133 - -------------------
2024-04-10 10:29:51 INFO  StartCalculations:134 - # reads used for damage calculation: 5554
2024-04-10 10:29:53 INFO  StartCalculations:376 - Output files generated
2024-04-10 10:29:53 INFO  StartCalculations:316 - Runtime of Module was: 2 seconds.
