2024-10-04 18:41:42 INFO  StartCalculations:262 - DamageProfiler v0.4.9
2024-10-04 18:41:42 INFO  StartCalculations:274 - Analysis of file (-i):EASI241_rmdup.bam
Output folder (-o):/raven/ptmp/iclight/eager/mapping/zooscreen/easi241_for_erysipelothrix/work/3b/6b79a9d26797d0df2e4143ffd1c792/./EASI241_rmdup
Reference (-r, optional) :genome.fasta
Specie (-s, optional):null
Species list (-sf, optional):null
Length (-l): 100
Threshold (-t): 15
Height yaxis (-yaxis): 0.3
x-axis min ID histogram (-xaxis_histo_min): -1.0
x-axis max ID histogram (-xaxis_histo_max): -1.0
x-axis min length histogram (-xaxis_histo_length_min): -1.0
x-axis max length histogram (-xaxis_histo_length_max): -1.0

2024-10-04 18:41:43 INFO  StartCalculations:115 - 100 Reads processed.
2024-10-04 18:41:43 INFO  StartCalculations:115 - 200 Reads processed.
2024-10-04 18:41:43 INFO  StartCalculations:115 - 300 Reads processed.
2024-10-04 18:41:43 INFO  StartCalculations:115 - 400 Reads processed.
2024-10-04 18:41:43 INFO  StartCalculations:115 - 500 Reads processed.
2024-10-04 18:41:43 INFO  StartCalculations:115 - 600 Reads processed.
2024-10-04 18:41:43 INFO  StartCalculations:115 - 700 Reads processed.
2024-10-04 18:41:43 INFO  StartCalculations:115 - 800 Reads processed.
2024-10-04 18:41:43 INFO  StartCalculations:115 - 900 Reads processed.
2024-10-04 18:41:43 INFO  StartCalculations:115 - 1000 Reads processed.
2024-10-04 18:41:43 INFO  StartCalculations:115 - 1100 Reads processed.
2024-10-04 18:41:43 INFO  StartCalculations:115 - 1200 Reads processed.
2024-10-04 18:41:43 INFO  StartCalculations:115 - 1300 Reads processed.
2024-10-04 18:41:43 INFO  StartCalculations:115 - 1400 Reads processed.
2024-10-04 18:41:43 INFO  StartCalculations:115 - 1500 Reads processed.
2024-10-04 18:41:43 INFO  StartCalculations:115 - 1600 Reads processed.
2024-10-04 18:41:43 INFO  StartCalculations:115 - 1700 Reads processed.
2024-10-04 18:41:43 INFO  StartCalculations:115 - 1800 Reads processed.
2024-10-04 18:41:43 INFO  StartCalculations:115 - 1900 Reads processed.
2024-10-04 18:41:43 INFO  StartCalculations:115 - 2000 Reads processed.
2024-10-04 18:41:43 INFO  StartCalculations:115 - 2100 Reads processed.
2024-10-04 18:41:43 INFO  StartCalculations:115 - 2200 Reads processed.
2024-10-04 18:41:43 INFO  StartCalculations:115 - 2300 Reads processed.
2024-10-04 18:41:43 INFO  StartCalculations:115 - 2400 Reads processed.
2024-10-04 18:41:43 INFO  StartCalculations:115 - 2500 Reads processed.
2024-10-04 18:41:43 INFO  StartCalculations:115 - 2600 Reads processed.
2024-10-04 18:41:43 INFO  StartCalculations:115 - 2700 Reads processed.
2024-10-04 18:41:43 INFO  StartCalculations:115 - 2800 Reads processed.
2024-10-04 18:41:43 INFO  StartCalculations:115 - 2900 Reads processed.
2024-10-04 18:41:43 INFO  StartCalculations:115 - 3000 Reads processed.
2024-10-04 18:41:43 INFO  StartCalculations:115 - 3100 Reads processed.
2024-10-04 18:41:43 INFO  StartCalculations:115 - 3200 Reads processed.
2024-10-04 18:41:43 INFO  StartCalculations:115 - 3300 Reads processed.
2024-10-04 18:41:43 INFO  StartCalculations:115 - 3400 Reads processed.
2024-10-04 18:41:43 INFO  StartCalculations:115 - 3500 Reads processed.
2024-10-04 18:41:43 INFO  StartCalculations:115 - 3600 Reads processed.
2024-10-04 18:41:43 INFO  StartCalculations:115 - 3700 Reads processed.
2024-10-04 18:41:43 INFO  StartCalculations:115 - 3800 Reads processed.
2024-10-04 18:41:43 INFO  StartCalculations:115 - 3900 Reads processed.
2024-10-04 18:41:43 INFO  StartCalculations:115 - 4000 Reads processed.
2024-10-04 18:41:43 INFO  StartCalculations:115 - 4100 Reads processed.
2024-10-04 18:41:43 INFO  StartCalculations:115 - 4200 Reads processed.
2024-10-04 18:41:43 INFO  StartCalculations:115 - 4300 Reads processed.
2024-10-04 18:41:43 INFO  StartCalculations:115 - 4400 Reads processed.
2024-10-04 18:41:43 INFO  StartCalculations:115 - 4500 Reads processed.
2024-10-04 18:41:43 INFO  StartCalculations:115 - 4600 Reads processed.
2024-10-04 18:41:43 INFO  StartCalculations:115 - 4700 Reads processed.
2024-10-04 18:41:43 INFO  StartCalculations:115 - 4800 Reads processed.
2024-10-04 18:41:43 INFO  StartCalculations:115 - 4900 Reads processed.
2024-10-04 18:41:43 INFO  StartCalculations:115 - 5000 Reads processed.
2024-10-04 18:41:43 INFO  StartCalculations:115 - 5100 Reads processed.
2024-10-04 18:41:43 INFO  StartCalculations:115 - 5200 Reads processed.
2024-10-04 18:41:43 INFO  StartCalculations:115 - 5300 Reads processed.
2024-10-04 18:41:43 INFO  StartCalculations:115 - 5400 Reads processed.
2024-10-04 18:41:43 INFO  StartCalculations:115 - 5500 Reads processed.
2024-10-04 18:41:43 INFO  StartCalculations:115 - 5600 Reads processed.
2024-10-04 18:41:43 INFO  StartCalculations:115 - 5700 Reads processed.
2024-10-04 18:41:43 INFO  StartCalculations:115 - 5800 Reads processed.
2024-10-04 18:41:43 INFO  StartCalculations:115 - 5900 Reads processed.
2024-10-04 18:41:43 INFO  StartCalculations:115 - 6000 Reads processed.
2024-10-04 18:41:43 INFO  StartCalculations:115 - 6100 Reads processed.
2024-10-04 18:41:43 INFO  StartCalculations:115 - 6200 Reads processed.
2024-10-04 18:41:43 INFO  StartCalculations:115 - 6300 Reads processed.
2024-10-04 18:41:43 INFO  StartCalculations:115 - 6400 Reads processed.
2024-10-04 18:41:43 INFO  StartCalculations:115 - 6500 Reads processed.
2024-10-04 18:41:43 INFO  StartCalculations:115 - 6600 Reads processed.
2024-10-04 18:41:43 INFO  StartCalculations:115 - 6700 Reads processed.
2024-10-04 18:41:43 INFO  StartCalculations:115 - 6800 Reads processed.
2024-10-04 18:41:43 INFO  StartCalculations:115 - 6900 Reads processed.
2024-10-04 18:41:43 INFO  StartCalculations:115 - 7000 Reads processed.
2024-10-04 18:41:43 INFO  StartCalculations:115 - 7100 Reads processed.
2024-10-04 18:41:43 INFO  StartCalculations:115 - 7200 Reads processed.
2024-10-04 18:41:43 INFO  StartCalculations:115 - 7300 Reads processed.
2024-10-04 18:41:43 INFO  StartCalculations:115 - 7400 Reads processed.
2024-10-04 18:41:43 INFO  StartCalculations:115 - 7500 Reads processed.
2024-10-04 18:41:43 INFO  StartCalculations:115 - 7600 Reads processed.
2024-10-04 18:41:43 INFO  StartCalculations:115 - 7700 Reads processed.
2024-10-04 18:41:43 INFO  StartCalculations:115 - 7800 Reads processed.
2024-10-04 18:41:43 INFO  StartCalculations:115 - 7900 Reads processed.
2024-10-04 18:41:43 INFO  StartCalculations:115 - 8000 Reads processed.
2024-10-04 18:41:43 INFO  StartCalculations:115 - 8100 Reads processed.
2024-10-04 18:41:43 INFO  StartCalculations:115 - 8200 Reads processed.
2024-10-04 18:41:43 INFO  StartCalculations:115 - 8300 Reads processed.
2024-10-04 18:41:43 INFO  StartCalculations:115 - 8400 Reads processed.
2024-10-04 18:41:43 INFO  StartCalculations:115 - 8500 Reads processed.
2024-10-04 18:41:43 INFO  StartCalculations:115 - 8600 Reads processed.
2024-10-04 18:41:43 INFO  StartCalculations:115 - 8700 Reads processed.
2024-10-04 18:41:43 INFO  StartCalculations:115 - 8800 Reads processed.
2024-10-04 18:41:43 INFO  StartCalculations:115 - 8900 Reads processed.
2024-10-04 18:41:43 INFO  StartCalculations:115 - 9000 Reads processed.
2024-10-04 18:41:43 INFO  StartCalculations:115 - 9100 Reads processed.
2024-10-04 18:41:43 INFO  StartCalculations:115 - 9200 Reads processed.
2024-10-04 18:41:43 INFO  StartCalculations:115 - 9300 Reads processed.
2024-10-04 18:41:43 INFO  StartCalculations:115 - 9400 Reads processed.
2024-10-04 18:41:43 INFO  StartCalculations:115 - 9500 Reads processed.
2024-10-04 18:41:43 INFO  StartCalculations:115 - 9600 Reads processed.
2024-10-04 18:41:43 INFO  StartCalculations:115 - 9700 Reads processed.
2024-10-04 18:41:43 INFO  StartCalculations:115 - 9800 Reads processed.
2024-10-04 18:41:43 INFO  StartCalculations:115 - 9900 Reads processed.
2024-10-04 18:41:43 INFO  StartCalculations:115 - 10000 Reads processed.
2024-10-04 18:41:43 INFO  StartCalculations:115 - 10100 Reads processed.
2024-10-04 18:41:43 INFO  StartCalculations:115 - 10200 Reads processed.
2024-10-04 18:41:43 INFO  StartCalculations:115 - 10300 Reads processed.
2024-10-04 18:41:43 INFO  StartCalculations:115 - 10400 Reads processed.
2024-10-04 18:41:43 INFO  StartCalculations:115 - 10500 Reads processed.
2024-10-04 18:41:43 INFO  StartCalculations:115 - 10600 Reads processed.
2024-10-04 18:41:43 INFO  StartCalculations:115 - 10700 Reads processed.
2024-10-04 18:41:43 INFO  StartCalculations:115 - 10800 Reads processed.
2024-10-04 18:41:43 INFO  StartCalculations:115 - 10900 Reads processed.
2024-10-04 18:41:43 INFO  StartCalculations:115 - 11000 Reads processed.
2024-10-04 18:41:43 INFO  StartCalculations:115 - 11100 Reads processed.
2024-10-04 18:41:43 INFO  StartCalculations:115 - 11200 Reads processed.
2024-10-04 18:41:43 INFO  StartCalculations:115 - 11300 Reads processed.
2024-10-04 18:41:43 INFO  StartCalculations:115 - 11400 Reads processed.
2024-10-04 18:41:43 INFO  StartCalculations:115 - 11500 Reads processed.
2024-10-04 18:41:43 INFO  StartCalculations:115 - 11600 Reads processed.
2024-10-04 18:41:43 INFO  StartCalculations:115 - 11700 Reads processed.
2024-10-04 18:41:43 INFO  StartCalculations:115 - 11800 Reads processed.
2024-10-04 18:41:43 INFO  StartCalculations:115 - 11900 Reads processed.
2024-10-04 18:41:43 INFO  StartCalculations:115 - 12000 Reads processed.
2024-10-04 18:41:43 INFO  StartCalculations:115 - 12100 Reads processed.
2024-10-04 18:41:43 INFO  StartCalculations:115 - 12200 Reads processed.
2024-10-04 18:41:43 INFO  StartCalculations:115 - 12300 Reads processed.
2024-10-04 18:41:43 INFO  StartCalculations:115 - 12400 Reads processed.
2024-10-04 18:41:43 INFO  StartCalculations:115 - 12500 Reads processed.
2024-10-04 18:41:43 INFO  StartCalculations:115 - 12600 Reads processed.
2024-10-04 18:41:43 INFO  StartCalculations:115 - 12700 Reads processed.
2024-10-04 18:41:43 INFO  StartCalculations:115 - 12800 Reads processed.
2024-10-04 18:41:43 INFO  StartCalculations:115 - 12900 Reads processed.
2024-10-04 18:41:43 INFO  StartCalculations:115 - 13000 Reads processed.
2024-10-04 18:41:43 INFO  StartCalculations:115 - 13100 Reads processed.
2024-10-04 18:41:43 INFO  StartCalculations:115 - 13200 Reads processed.
2024-10-04 18:41:43 INFO  StartCalculations:115 - 13300 Reads processed.
2024-10-04 18:41:43 INFO  StartCalculations:115 - 13400 Reads processed.
2024-10-04 18:41:43 INFO  StartCalculations:115 - 13500 Reads processed.
2024-10-04 18:41:43 INFO  StartCalculations:115 - 13600 Reads processed.
2024-10-04 18:41:43 INFO  StartCalculations:115 - 13700 Reads processed.
2024-10-04 18:41:43 INFO  StartCalculations:115 - 13800 Reads processed.
2024-10-04 18:41:43 INFO  StartCalculations:115 - 13900 Reads processed.
2024-10-04 18:41:43 INFO  StartCalculations:115 - 14000 Reads processed.
2024-10-04 18:41:43 INFO  StartCalculations:115 - 14100 Reads processed.
2024-10-04 18:41:43 INFO  StartCalculations:115 - 14200 Reads processed.
2024-10-04 18:41:43 INFO  StartCalculations:115 - 14300 Reads processed.
2024-10-04 18:41:43 INFO  StartCalculations:115 - 14400 Reads processed.
2024-10-04 18:41:43 INFO  StartCalculations:115 - 14500 Reads processed.
2024-10-04 18:41:43 INFO  StartCalculations:115 - 14600 Reads processed.
2024-10-04 18:41:43 INFO  StartCalculations:115 - 14700 Reads processed.
2024-10-04 18:41:43 INFO  StartCalculations:115 - 14800 Reads processed.
2024-10-04 18:41:43 INFO  StartCalculations:115 - 14900 Reads processed.
2024-10-04 18:41:43 INFO  StartCalculations:115 - 15000 Reads processed.
2024-10-04 18:41:43 INFO  StartCalculations:115 - 15100 Reads processed.
2024-10-04 18:41:43 INFO  StartCalculations:115 - 15200 Reads processed.
2024-10-04 18:41:43 INFO  StartCalculations:115 - 15300 Reads processed.
2024-10-04 18:41:43 INFO  StartCalculations:115 - 15400 Reads processed.
2024-10-04 18:41:43 INFO  StartCalculations:115 - 15500 Reads processed.
2024-10-04 18:41:43 INFO  StartCalculations:115 - 15600 Reads processed.
2024-10-04 18:41:43 INFO  StartCalculations:115 - 15700 Reads processed.
2024-10-04 18:41:43 INFO  StartCalculations:115 - 15800 Reads processed.
2024-10-04 18:41:43 INFO  StartCalculations:115 - 15900 Reads processed.
2024-10-04 18:41:43 INFO  StartCalculations:115 - 16000 Reads processed.
2024-10-04 18:41:43 INFO  StartCalculations:115 - 16100 Reads processed.
2024-10-04 18:41:43 INFO  StartCalculations:115 - 16200 Reads processed.
2024-10-04 18:41:43 INFO  StartCalculations:115 - 16300 Reads processed.
2024-10-04 18:41:43 INFO  StartCalculations:115 - 16400 Reads processed.
2024-10-04 18:41:43 INFO  StartCalculations:115 - 16500 Reads processed.
2024-10-04 18:41:43 INFO  StartCalculations:115 - 16600 Reads processed.
2024-10-04 18:41:43 INFO  StartCalculations:115 - 16700 Reads processed.
2024-10-04 18:41:43 INFO  StartCalculations:115 - 16800 Reads processed.
2024-10-04 18:41:43 INFO  StartCalculations:115 - 16900 Reads processed.
2024-10-04 18:41:43 INFO  StartCalculations:115 - 17000 Reads processed.
2024-10-04 18:41:43 INFO  StartCalculations:115 - 17100 Reads processed.
2024-10-04 18:41:43 INFO  StartCalculations:115 - 17200 Reads processed.
2024-10-04 18:41:43 INFO  StartCalculations:115 - 17300 Reads processed.
2024-10-04 18:41:43 INFO  StartCalculations:115 - 17400 Reads processed.
2024-10-04 18:41:43 INFO  StartCalculations:115 - 17500 Reads processed.
2024-10-04 18:41:43 INFO  StartCalculations:115 - 17600 Reads processed.
2024-10-04 18:41:43 INFO  StartCalculations:115 - 17700 Reads processed.
2024-10-04 18:41:43 INFO  StartCalculations:115 - 17800 Reads processed.
2024-10-04 18:41:43 INFO  StartCalculations:115 - 17900 Reads processed.
2024-10-04 18:41:43 INFO  StartCalculations:115 - 18000 Reads processed.
2024-10-04 18:41:43 INFO  StartCalculations:115 - 18100 Reads processed.
2024-10-04 18:41:43 INFO  StartCalculations:115 - 18200 Reads processed.
2024-10-04 18:41:43 INFO  StartCalculations:115 - 18300 Reads processed.
2024-10-04 18:41:43 INFO  StartCalculations:115 - 18400 Reads processed.
2024-10-04 18:41:43 INFO  StartCalculations:115 - 18500 Reads processed.
2024-10-04 18:41:43 INFO  StartCalculations:115 - 18600 Reads processed.
2024-10-04 18:41:43 INFO  StartCalculations:115 - 18700 Reads processed.
2024-10-04 18:41:43 INFO  StartCalculations:115 - 18800 Reads processed.
2024-10-04 18:41:43 INFO  StartCalculations:115 - 18900 Reads processed.
2024-10-04 18:41:43 INFO  StartCalculations:115 - 19000 Reads processed.
2024-10-04 18:41:43 INFO  StartCalculations:115 - 19100 Reads processed.
2024-10-04 18:41:43 INFO  StartCalculations:115 - 19200 Reads processed.
2024-10-04 18:41:43 INFO  StartCalculations:115 - 19300 Reads processed.
2024-10-04 18:41:43 INFO  StartCalculations:115 - 19400 Reads processed.
2024-10-04 18:41:43 INFO  StartCalculations:115 - 19500 Reads processed.
2024-10-04 18:41:43 INFO  StartCalculations:115 - 19600 Reads processed.
2024-10-04 18:41:43 INFO  StartCalculations:115 - 19700 Reads processed.
2024-10-04 18:41:43 INFO  StartCalculations:115 - 19800 Reads processed.
2024-10-04 18:41:43 INFO  StartCalculations:115 - 19900 Reads processed.
2024-10-04 18:41:43 INFO  StartCalculations:952 - Values normalized ....
2024-10-04 18:41:43 INFO  StartCalculations:133 - -------------------
2024-10-04 18:41:43 INFO  StartCalculations:134 - # reads used for damage calculation: 19902
2024-10-04 18:41:44 INFO  StartCalculations:376 - Output files generated
2024-10-04 18:41:44 INFO  StartCalculations:316 - Runtime of Module was: 2 seconds.
